<?xml version="1.0" encoding="UTF-8"?>
<testsuite xmlns:xsi="http://www.w3.org/2001/XMLSchema-instance" xsi:noNamespaceSchemaLocation="https://maven.apache.org/surefire/maven-surefire-plugin/xsd/surefire-test-report-3.0.xsd" version="3.0" name="com.example.finflow.web.TransactionControllerTest" time="8.815" tests="1" errors="0" skipped="0" failures="0">
  <properties>
[...]
</properties>
  <testcase name="testCreateTransaction" classname="com.example.finflow.web.TransactionControllerTest" time="2.667">
    <system-out><![CDATA[
  .   ____          _            __ _ _
 /\\ / ___'_ __ _ _(_)_ __  __ _ \ \ \ \
( ( )\___ | '_ | '_| | '_ \/ _` | \ \ \ \
 \\/  ___)| |_)| | | | | || (_| |  ) ) ) )
  '  |____| .__|_| |_|_| |_\__, | / / / /
 =========|_|==============|___/=/_/_/_/

 :: Spring Boot ::                (v3.3.4)

2025-10-21T21:35:32.769+08:00  INFO 1574 --- [           main] c.e.f.web.TransactionControllerTest      : Starting TransactionControllerTest using Java 22 with PID 1574 (started by balachandarkrishnasamy in /Users/balachandarkrishnasamy/Desktop/Project-demo/Latest/finflow-reactive-solution-kafka)
2025-10-21T21:35:32.771+08:00  INFO 1574 --- [           main] c.e.f.web.TransactionControllerTest      : No active profile set, falling back to 1 default profile: "default"
2025-10-21T21:35:34.001+08:00  INFO 1574 --- [           main] .s.d.r.c.RepositoryConfigurationDelegate : Bootstrapping Spring Data R2DBC repositories in DEFAULT mode.
2025-10-21T21:35:34.140+08:00  INFO 1574 --- [           main] .s.d.r.c.RepositoryConfigurationDelegate : Finished Spring Data repository scanning in 131 ms. Found 3 R2DBC repository interfaces.
2025-10-21T21:35:34.842+08:00  INFO 1574 --- [           main] o.a.k.clients.consumer.ConsumerConfig    : ConsumerConfig values: 
	allow.auto.create.topics = true
	auto.commit.interval.ms = 5000
	auto.include.jmx.reporter = true
	auto.offset.reset = earliest
	bootstrap.servers = [localhost:9092]
	check.crcs = true
	client.dns.lookup = use_all_dns_ips
	client.id = consumer-finflow-consumer-group-1
	client.rack = 
	connections.max.idle.ms = 540000
	default.api.timeout.ms = 60000
	enable.auto.commit = false
	enable.metrics.push = true
	exclude.internal.topics = true
	fetch.max.bytes = 52428800
	fetch.max.wait.ms = 500
	fetch.min.bytes = 1
	group.id = finflow-consumer-group
	group.instance.id = null
	group.protocol = classic
	group.remote.assignor = null
	heartbeat.interval.ms = 3000
	interceptor.classes = []
	internal.leave.group.on.close = true
	internal.throw.on.fetch.stable.offset.unsupported = false
	isolation.level = read_uncommitted
	key.deserializer = class org.apache.kafka.common.serialization.StringDeserializer
	max.partition.fetch.bytes = 1048576
	max.poll.interval.ms = 300000
	max.poll.records = 500
	metadata.max.age.ms = 300000
	metric.reporters = []
	metrics.num.samples = 2
	metrics.recording.level = INFO
	metrics.sample.window.ms = 30000
	partition.assignment.strategy = [class org.apache.kafka.clients.consumer.RangeAssignor, class org.apache.kafka.clients.consumer.CooperativeStickyAssignor]
	receive.buffer.bytes = 65536
	reconnect.backoff.max.ms = 1000
	reconnect.backoff.ms = 50
	request.timeout.ms = 30000
	retry.backoff.max.ms = 1000
	retry.backoff.ms = 100
	sasl.client.callback.handler.class = null
	sasl.jaas.config = null
	sasl.kerberos.kinit.cmd = /usr/bin/kinit
	sasl.kerberos.min.time.before.relogin = 60000
	sasl.kerberos.service.name = null
	sasl.kerberos.ticket.renew.jitter = 0.05
	sasl.kerberos.ticket.renew.window.factor = 0.8
	sasl.login.callback.handler.class = null
	sasl.login.class = null
	sasl.login.connect.timeout.ms = null
	sasl.login.read.timeout.ms = null
	sasl.login.refresh.buffer.seconds = 300
	sasl.login.refresh.min.period.seconds = 60
	sasl.login.refresh.window.factor = 0.8
	sasl.login.refresh.window.jitter = 0.05
	sasl.login.retry.backoff.max.ms = 10000
	sasl.login.retry.backoff.ms = 100
	sasl.mechanism = GSSAPI
	sasl.oauthbearer.clock.skew.seconds = 30
	sasl.oauthbearer.expected.audience = null
	sasl.oauthbearer.expected.issuer = null
	sasl.oauthbearer.jwks.endpoint.refresh.ms = 3600000
	sasl.oauthbearer.jwks.endpoint.retry.backoff.max.ms = 10000
	sasl.oauthbearer.jwks.endpoint.retry.backoff.ms = 100
	sasl.oauthbearer.jwks.endpoint.url = null
	sasl.oauthbearer.scope.claim.name = scope
	sasl.oauthbearer.sub.claim.name = sub
	sasl.oauthbearer.token.endpoint.url = null
	security.protocol = PLAINTEXT
	security.providers = null
	send.buffer.bytes = 131072
	session.timeout.ms = 45000
	socket.connection.setup.timeout.max.ms = 30000
	socket.connection.setup.timeout.ms = 10000
	ssl.cipher.suites = null
	ssl.enabled.protocols = [TLSv1.2, TLSv1.3]
	ssl.endpoint.identification.algorithm = https
	ssl.engine.factory.class = null
	ssl.key.password = null
	ssl.keymanager.algorithm = SunX509
	ssl.keystore.certificate.chain = null
	ssl.keystore.key = null
	ssl.keystore.location = null
	ssl.keystore.password = null
	ssl.keystore.type = JKS
	ssl.protocol = TLSv1.3
	ssl.provider = null
	ssl.secure.random.implementation = null
	ssl.trustmanager.algorithm = PKIX
	ssl.truststore.certificates = null
	ssl.truststore.location = null
	ssl.truststore.password = null
	ssl.truststore.type = JKS
	value.deserializer = class org.apache.kafka.common.serialization.StringDeserializer

2025-10-21T21:35:34.882+08:00  INFO 1574 --- [           main] o.a.k.c.t.i.KafkaMetricsCollector        : initializing Kafka metrics collector
2025-10-21T21:35:35.086+08:00  INFO 1574 --- [           main] o.a.kafka.common.utils.AppInfoParser     : Kafka version: 3.7.1
2025-10-21T21:35:35.088+08:00  INFO 1574 --- [           main] o.a.kafka.common.utils.AppInfoParser     : Kafka commitId: e2494e6ffb89f828
2025-10-21T21:35:35.088+08:00  INFO 1574 --- [           main] o.a.kafka.common.utils.AppInfoParser     : Kafka startTimeMs: 1761053735084
2025-10-21T21:35:35.102+08:00  INFO 1574 --- [onsumer-group-1] o.a.k.c.c.internals.LegacyKafkaConsumer  : [Consumer clientId=consumer-finflow-consumer-group-1, groupId=finflow-consumer-group] Subscribed to topic(s): transactions-topic
2025-10-21T21:35:35.573+08:00  WARN 1574 --- [onsumer-group-1] org.apache.kafka.clients.NetworkClient   : [Consumer clientId=consumer-finflow-consumer-group-1, groupId=finflow-consumer-group] Error while fetching metadata with correlation id 2 : {transactions-topic=LEADER_NOT_AVAILABLE}
2025-10-21T21:35:35.575+08:00  INFO 1574 --- [onsumer-group-1] org.apache.kafka.clients.Metadata        : [Consumer clientId=consumer-finflow-consumer-group-1, groupId=finflow-consumer-group] Cluster ID: ArjIC89_SFaPQ-43302X0w
2025-10-21T21:35:35.764+08:00  WARN 1574 --- [onsumer-group-1] org.apache.kafka.clients.NetworkClient   : [Consumer clientId=consumer-finflow-consumer-group-1, groupId=finflow-consumer-group] Error while fetching metadata with correlation id 6 : {transactions-topic=LEADER_NOT_AVAILABLE}
2025-10-21T21:35:35.938+08:00  WARN 1574 --- [onsumer-group-1] org.apache.kafka.clients.NetworkClient   : [Consumer clientId=consumer-finflow-consumer-group-1, groupId=finflow-consumer-group] Error while fetching metadata with correlation id 9 : {transactions-topic=LEADER_NOT_AVAILABLE}
2025-10-21T21:35:36.555+08:00  INFO 1574 --- [           main] o.s.b.a.e.web.EndpointLinksResolver      : Exposing 1 endpoint beneath base path '/actuator'
2025-10-21T21:35:36.957+08:00  INFO 1574 --- [onsumer-group-1] o.a.k.c.c.internals.ConsumerCoordinator  : [Consumer clientId=consumer-finflow-consumer-group-1, groupId=finflow-consumer-group] Discovered group coordinator localhost:9092 (id: 2147483646 rack: null)
2025-10-21T21:35:36.959+08:00  INFO 1574 --- [onsumer-group-1] o.a.k.c.c.internals.ConsumerCoordinator  : [Consumer clientId=consumer-finflow-consumer-group-1, groupId=finflow-consumer-group] (Re-)joining group
2025-10-21T21:35:36.991+08:00  INFO 1574 --- [onsumer-group-1] o.a.k.c.c.internals.ConsumerCoordinator  : [Consumer clientId=consumer-finflow-consumer-group-1, groupId=finflow-consumer-group] Request joining group due to: need to re-join with the given member-id: consumer-finflow-consumer-group-1-44d17814-4219-4748-9db0-e2fae690d79d
2025-10-21T21:35:36.992+08:00  INFO 1574 --- [onsumer-group-1] o.a.k.c.c.internals.ConsumerCoordinator  : [Consumer clientId=consumer-finflow-consumer-group-1, groupId=finflow-consumer-group] (Re-)joining group
2025-10-21T21:35:37.458+08:00 DEBUG 1574 --- [       single-1] io.r2dbc.h2.client.SessionClient         : Request:  CALL H2VERSION()
2025-10-21T21:35:37.460+08:00 DEBUG 1574 --- [       single-1] io.r2dbc.h2.client.SessionClient         : Response: org.h2.result.LocalResult@1bf28f83 columns: 1 rows: 1 pos: -1
2025-10-21T21:35:37.469+08:00 DEBUG 1574 --- [       single-1] io.r2dbc.h2.client.SessionClient         : Request:  SELECT CURRENT_TIMESTAMP
2025-10-21T21:35:37.471+08:00 DEBUG 1574 --- [       single-1] io.r2dbc.h2.client.SessionClient         : Response: org.h2.result.LocalResult@42091377 columns: 1 rows: 1 pos: -1
2025-10-21T21:35:37.502+08:00 DEBUG 1574 --- [       single-1] io.r2dbc.h2.client.SessionClient         : Request:  CALL H2VERSION()
2025-10-21T21:35:37.502+08:00 DEBUG 1574 --- [       single-1] io.r2dbc.h2.client.SessionClient         : Response: org.h2.result.LocalResult@5f75eaf4 columns: 1 rows: 1 pos: -1
2025-10-21T21:35:37.503+08:00 DEBUG 1574 --- [       single-1] io.r2dbc.h2.client.SessionClient         : Request:  CALL H2VERSION()
2025-10-21T21:35:37.504+08:00 DEBUG 1574 --- [       single-1] io.r2dbc.h2.client.SessionClient         : Response: org.h2.result.LocalResult@739299fe columns: 1 rows: 1 pos: -1
2025-10-21T21:35:37.505+08:00 DEBUG 1574 --- [       single-1] io.r2dbc.h2.client.SessionClient         : Request:  CALL H2VERSION()
2025-10-21T21:35:37.506+08:00 DEBUG 1574 --- [       single-1] io.r2dbc.h2.client.SessionClient         : Response: org.h2.result.LocalResult@17086a0 columns: 1 rows: 1 pos: -1
2025-10-21T21:35:37.507+08:00 DEBUG 1574 --- [       single-1] io.r2dbc.h2.client.SessionClient         : Request:  CALL H2VERSION()
2025-10-21T21:35:37.507+08:00 DEBUG 1574 --- [       single-1] io.r2dbc.h2.client.SessionClient         : Response: org.h2.result.LocalResult@75ac8176 columns: 1 rows: 1 pos: -1
2025-10-21T21:35:37.509+08:00 DEBUG 1574 --- [       single-1] io.r2dbc.h2.client.SessionClient         : Request:  CALL H2VERSION()
2025-10-21T21:35:37.509+08:00 DEBUG 1574 --- [       single-1] io.r2dbc.h2.client.SessionClient         : Response: org.h2.result.LocalResult@5fef77d columns: 1 rows: 1 pos: -1
2025-10-21T21:35:37.511+08:00 DEBUG 1574 --- [       single-1] io.r2dbc.h2.client.SessionClient         : Request:  CALL H2VERSION()
2025-10-21T21:35:37.512+08:00 DEBUG 1574 --- [       single-1] io.r2dbc.h2.client.SessionClient         : Response: org.h2.result.LocalResult@62c4d355 columns: 1 rows: 1 pos: -1
2025-10-21T21:35:37.512+08:00 DEBUG 1574 --- [       Thread-5] io.r2dbc.h2.client.SessionClient         : Request:  CREATE TABLE IF NOT EXISTS account ( account_id BIGINT GENERATED BY DEFAULT AS IDENTITY PRIMARY KEY, document_number VARCHAR(64) NOT NULL UNIQUE )
2025-10-21T21:35:37.514+08:00 DEBUG 1574 --- [       single-1] io.r2dbc.h2.client.SessionClient         : Request:  CALL H2VERSION()
2025-10-21T21:35:37.515+08:00 DEBUG 1574 --- [       single-1] io.r2dbc.h2.client.SessionClient         : Response: org.h2.result.LocalResult@67040c2b columns: 1 rows: 1 pos: -1
2025-10-21T21:35:37.515+08:00 DEBUG 1574 --- [       Thread-5] io.r2dbc.h2.client.SessionClient         : Request:  CREATE TABLE IF NOT EXISTS operation_type ( operation_type_id INT PRIMARY KEY, description VARCHAR(128) NOT NULL )
2025-10-21T21:35:37.516+08:00 DEBUG 1574 --- [       Thread-5] io.r2dbc.h2.client.SessionClient         : Request:  CREATE TABLE IF NOT EXISTS transaction ( transaction_id BIGINT GENERATED BY DEFAULT AS IDENTITY PRIMARY KEY, account_id BIGINT NOT NULL, operation_type_id INT NOT NULL, amount DECIMAL(19,4) NOT NULL, event_date TIMESTAMP NOT NULL, CONSTRAINT fk_account FOREIGN KEY (account_id) REFERENCES account(account_id) )
2025-10-21T21:35:37.516+08:00 DEBUG 1574 --- [       single-1] io.r2dbc.h2.client.SessionClient         : Request:  CALL H2VERSION()
2025-10-21T21:35:37.516+08:00 DEBUG 1574 --- [       single-1] io.r2dbc.h2.client.SessionClient         : Response: org.h2.result.LocalResult@7632968c columns: 1 rows: 1 pos: -1
2025-10-21T21:35:37.518+08:00 DEBUG 1574 --- [       single-1] io.r2dbc.h2.client.SessionClient         : Request:  CALL H2VERSION()
2025-10-21T21:35:37.518+08:00 DEBUG 1574 --- [       single-1] io.r2dbc.h2.client.SessionClient         : Response: org.h2.result.LocalResult@405d228 columns: 1 rows: 1 pos: -1
2025-10-21T21:35:37.520+08:00 DEBUG 1574 --- [       Thread-5] io.r2dbc.h2.client.SessionClient         : Request:  SELECT CURRENT_TIMESTAMP
2025-10-21T21:35:37.520+08:00 DEBUG 1574 --- [       Thread-5] io.r2dbc.h2.client.SessionClient         : Response: org.h2.result.LocalResult@5d1e5e63 columns: 1 rows: 1 pos: -1
2025-10-21T21:35:37.525+08:00 DEBUG 1574 --- [           main] io.r2dbc.h2.client.SessionClient         : Request:  SELECT CURRENT_TIMESTAMP
2025-10-21T21:35:37.526+08:00 DEBUG 1574 --- [           main] io.r2dbc.h2.client.SessionClient         : Response: org.h2.result.LocalResult@1bf10539 columns: 1 rows: 1 pos: -1
2025-10-21T21:35:37.530+08:00 DEBUG 1574 --- [       Thread-4] io.r2dbc.h2.client.SessionClient         : Request:  MERGE INTO operation_type (operation_type_id, description) KEY (operation_type_id) VALUES (1, 'PURCHASE'), (2, 'INSTALLMENT PURCHASE'), (3, 'WITHDRAWAL'), (4, 'PAYMENT')
2025-10-21T21:35:37.533+08:00 DEBUG 1574 --- [       Thread-4] io.r2dbc.h2.client.SessionClient         : Request:  SELECT CURRENT_TIMESTAMP
2025-10-21T21:35:37.534+08:00 DEBUG 1574 --- [       Thread-4] io.r2dbc.h2.client.SessionClient         : Response: org.h2.result.LocalResult@8dd976a columns: 1 rows: 1 pos: -1
2025-10-21T21:35:37.612+08:00  INFO 1574 --- [           main] o.a.k.clients.admin.AdminClientConfig    : AdminClientConfig values: 
	auto.include.jmx.reporter = true
	bootstrap.controllers = []
	bootstrap.servers = [localhost:9092]
	client.dns.lookup = use_all_dns_ips
	client.id = 
	connections.max.idle.ms = 300000
	default.api.timeout.ms = 60000
	enable.metrics.push = true
	metadata.max.age.ms = 300000
	metric.reporters = []
	metrics.num.samples = 2
	metrics.recording.level = INFO
	metrics.sample.window.ms = 30000
	receive.buffer.bytes = 65536
	reconnect.backoff.max.ms = 1000
	reconnect.backoff.ms = 50
	request.timeout.ms = 30000
	retries = 2147483647
	retry.backoff.max.ms = 1000
	retry.backoff.ms = 100
	sasl.client.callback.handler.class = null
	sasl.jaas.config = null
	sasl.kerberos.kinit.cmd = /usr/bin/kinit
	sasl.kerberos.min.time.before.relogin = 60000
	sasl.kerberos.service.name = null
	sasl.kerberos.ticket.renew.jitter = 0.05
	sasl.kerberos.ticket.renew.window.factor = 0.8
	sasl.login.callback.handler.class = null
	sasl.login.class = null
	sasl.login.connect.timeout.ms = null
	sasl.login.read.timeout.ms = null
	sasl.login.refresh.buffer.seconds = 300
	sasl.login.refresh.min.period.seconds = 60
	sasl.login.refresh.window.factor = 0.8
	sasl.login.refresh.window.jitter = 0.05
	sasl.login.retry.backoff.max.ms = 10000
	sasl.login.retry.backoff.ms = 100
	sasl.mechanism = GSSAPI
	sasl.oauthbearer.clock.skew.seconds = 30
	sasl.oauthbearer.expected.audience = null
	sasl.oauthbearer.expected.issuer = null
	sasl.oauthbearer.jwks.endpoint.refresh.ms = 3600000
	sasl.oauthbearer.jwks.endpoint.retry.backoff.max.ms = 10000
	sasl.oauthbearer.jwks.endpoint.retry.backoff.ms = 100
	sasl.oauthbearer.jwks.endpoint.url = null
	sasl.oauthbearer.scope.claim.name = scope
	sasl.oauthbearer.sub.claim.name = sub
	sasl.oauthbearer.token.endpoint.url = null
	security.protocol = PLAINTEXT
	security.providers = null
	send.buffer.bytes = 131072
	socket.connection.setup.timeout.max.ms = 30000
	socket.connection.setup.timeout.ms = 10000
	ssl.cipher.suites = null
	ssl.enabled.protocols = [TLSv1.2, TLSv1.3]
	ssl.endpoint.identification.algorithm = https
	ssl.engine.factory.class = null
	ssl.key.password = null
	ssl.keymanager.algorithm = SunX509
	ssl.keystore.certificate.chain = null
	ssl.keystore.key = null
	ssl.keystore.location = null
	ssl.keystore.password = null
	ssl.keystore.type = JKS
	ssl.protocol = TLSv1.3
	ssl.provider = null
	ssl.secure.random.implementation = null
	ssl.trustmanager.algorithm = PKIX
	ssl.truststore.certificates = null
	ssl.truststore.location = null
	ssl.truststore.password = null
	ssl.truststore.type = JKS

2025-10-21T21:35:37.633+08:00  INFO 1574 --- [           main] o.a.kafka.common.utils.AppInfoParser     : Kafka version: 3.7.1
2025-10-21T21:35:37.633+08:00  INFO 1574 --- [           main] o.a.kafka.common.utils.AppInfoParser     : Kafka commitId: e2494e6ffb89f828
2025-10-21T21:35:37.634+08:00  INFO 1574 --- [           main] o.a.kafka.common.utils.AppInfoParser     : Kafka startTimeMs: 1761053737633
2025-10-21T21:35:37.658+08:00  INFO 1574 --- [| adminclient-1] o.a.kafka.common.utils.AppInfoParser     : App info kafka.admin.client for adminclient-1 unregistered
2025-10-21T21:35:37.663+08:00  INFO 1574 --- [| adminclient-1] o.apache.kafka.common.metrics.Metrics    : Metrics scheduler closed
2025-10-21T21:35:37.663+08:00  INFO 1574 --- [| adminclient-1] o.apache.kafka.common.metrics.Metrics    : Closing reporter org.apache.kafka.common.metrics.JmxReporter
2025-10-21T21:35:37.664+08:00  INFO 1574 --- [| adminclient-1] o.apache.kafka.common.metrics.Metrics    : Metrics reporters closed
2025-10-21T21:35:37.778+08:00  INFO 1574 --- [           main] o.s.b.web.embedded.netty.NettyWebServer  : Netty started on port 49784 (http)
2025-10-21T21:35:37.793+08:00  INFO 1574 --- [           main] c.e.f.web.TransactionControllerTest      : Started TransactionControllerTest in 5.507 seconds (process running for 6.852)
2025-10-21T21:35:39.854+08:00 DEBUG 1574 --- [flux-http-nio-2] io.r2dbc.h2.client.SessionClient         : Request:  SELECT CURRENT_TIMESTAMP
2025-10-21T21:35:39.855+08:00 DEBUG 1574 --- [flux-http-nio-2] io.r2dbc.h2.client.SessionClient         : Response: org.h2.result.LocalResult@6d6d6bc2 columns: 1 rows: 1 pos: -1
2025-10-21T21:35:39.868+08:00 DEBUG 1574 --- [flux-http-nio-2] o.s.r2dbc.core.DefaultDatabaseClient     : Executing SQL statement [INSERT INTO account (DOCUMENT_NUMBER) VALUES ($1)]
2025-10-21T21:35:39.871+08:00 DEBUG 1574 --- [flux-http-nio-2] io.r2dbc.h2.client.SessionClient         : Request:  INSERT INTO account (DOCUMENT_NUMBER) VALUES ($1) {1: 'DOC_OK_1761053738711'}
2025-10-21T21:35:39.883+08:00 DEBUG 1574 --- [flux-http-nio-2] io.r2dbc.h2.client.SessionClient         : Request:  SELECT CURRENT_TIMESTAMP
2025-10-21T21:35:39.884+08:00 DEBUG 1574 --- [flux-http-nio-2] io.r2dbc.h2.client.SessionClient         : Response: org.h2.result.LocalResult@53ff7bef columns: 1 rows: 1 pos: -1
2025-10-21T21:35:40.023+08:00  INFO 1574 --- [onsumer-group-1] o.a.k.c.c.internals.ConsumerCoordinator  : [Consumer clientId=consumer-finflow-consumer-group-1, groupId=finflow-consumer-group] Successfully joined group with generation Generation{generationId=1, memberId='consumer-finflow-consumer-group-1-44d17814-4219-4748-9db0-e2fae690d79d', protocol='range'}
2025-10-21T21:35:40.030+08:00  INFO 1574 --- [onsumer-group-1] o.a.k.c.c.internals.ConsumerCoordinator  : [Consumer clientId=consumer-finflow-consumer-group-1, groupId=finflow-consumer-group] Finished assignment for group at generation 1: {consumer-finflow-consumer-group-1-44d17814-4219-4748-9db0-e2fae690d79d=Assignment(partitions=[transactions-topic-0])}
2025-10-21T21:35:40.111+08:00  INFO 1574 --- [onsumer-group-1] o.a.k.c.c.internals.ConsumerCoordinator  : [Consumer clientId=consumer-finflow-consumer-group-1, groupId=finflow-consumer-group] Successfully synced group in generation Generation{generationId=1, memberId='consumer-finflow-consumer-group-1-44d17814-4219-4748-9db0-e2fae690d79d', protocol='range'}
2025-10-21T21:35:40.112+08:00  INFO 1574 --- [onsumer-group-1] o.a.k.c.c.internals.ConsumerCoordinator  : [Consumer clientId=consumer-finflow-consumer-group-1, groupId=finflow-consumer-group] Notifying assignor about the new Assignment(partitions=[transactions-topic-0])
2025-10-21T21:35:40.115+08:00  INFO 1574 --- [onsumer-group-1] k.c.c.i.ConsumerRebalanceListenerInvoker : [Consumer clientId=consumer-finflow-consumer-group-1, groupId=finflow-consumer-group] Adding newly assigned partitions: transactions-topic-0
2025-10-21T21:35:40.138+08:00  INFO 1574 --- [onsumer-group-1] o.a.k.c.c.internals.ConsumerCoordinator  : [Consumer clientId=consumer-finflow-consumer-group-1, groupId=finflow-consumer-group] Found no committed offset for partition transactions-topic-0
2025-10-21T21:35:40.160+08:00  INFO 1574 --- [onsumer-group-1] o.a.k.c.c.internals.SubscriptionState    : [Consumer clientId=consumer-finflow-consumer-group-1, groupId=finflow-consumer-group] Resetting offset for partition transactions-topic-0 to position FetchPosition{offset=0, offsetEpoch=Optional.empty, currentLeader=LeaderAndEpoch{leader=Optional[localhost:9092 (id: 1 rack: null)], epoch=0}}.
2025-10-21T21:35:40.473+08:00 DEBUG 1574 --- [flux-http-nio-2] io.r2dbc.h2.client.SessionClient         : Request:  SELECT CURRENT_TIMESTAMP
2025-10-21T21:35:40.473+08:00 DEBUG 1574 --- [flux-http-nio-2] io.r2dbc.h2.client.SessionClient         : Response: org.h2.result.LocalResult@268939de columns: 1 rows: 1 pos: -1
2025-10-21T21:35:40.481+08:00 DEBUG 1574 --- [flux-http-nio-2] o.s.r2dbc.core.DefaultDatabaseClient     : Executing SQL statement [SELECT 1 FROM account WHERE account.ACCOUNT_ID = $1 LIMIT 1]
2025-10-21T21:35:40.482+08:00 DEBUG 1574 --- [flux-http-nio-2] io.r2dbc.h2.client.SessionClient         : Request:  SELECT 1 FROM account WHERE account.ACCOUNT_ID = $1 LIMIT 1 {1: CAST(69 AS BIGINT)}
2025-10-21T21:35:40.482+08:00 DEBUG 1574 --- [flux-http-nio-2] io.r2dbc.h2.client.SessionClient         : Response: org.h2.result.LocalResult@165fed82 columns: 1 rows: 1 pos: -1
2025-10-21T21:35:40.484+08:00 DEBUG 1574 --- [flux-http-nio-2] io.r2dbc.h2.client.SessionClient         : Request:  SELECT CURRENT_TIMESTAMP
2025-10-21T21:35:40.484+08:00 DEBUG 1574 --- [flux-http-nio-2] io.r2dbc.h2.client.SessionClient         : Response: org.h2.result.LocalResult@1a405418 columns: 1 rows: 1 pos: -1
2025-10-21T21:35:40.490+08:00 DEBUG 1574 --- [flux-http-nio-2] io.r2dbc.h2.client.SessionClient         : Request:  SELECT CURRENT_TIMESTAMP
2025-10-21T21:35:40.490+08:00 DEBUG 1574 --- [flux-http-nio-2] io.r2dbc.h2.client.SessionClient         : Response: org.h2.result.LocalResult@70d8356 columns: 1 rows: 1 pos: -1
2025-10-21T21:35:40.491+08:00 DEBUG 1574 --- [flux-http-nio-2] o.s.r2dbc.core.DefaultDatabaseClient     : Executing SQL statement [SELECT operation_type.* FROM operation_type WHERE operation_type.OPERATION_TYPE_ID = $1 LIMIT 2]
2025-10-21T21:35:40.492+08:00 DEBUG 1574 --- [flux-http-nio-2] io.r2dbc.h2.client.SessionClient         : Request:  SELECT operation_type.* FROM operation_type WHERE operation_type.OPERATION_TYPE_ID = $1 LIMIT 2 {1: 1}
2025-10-21T21:35:40.493+08:00 DEBUG 1574 --- [flux-http-nio-2] io.r2dbc.h2.client.SessionClient         : Response: org.h2.result.LocalResult@4a075260 columns: 2 rows: 1 pos: -1
2025-10-21T21:35:40.509+08:00 DEBUG 1574 --- [flux-http-nio-2] io.r2dbc.h2.client.SessionClient         : Request:  SELECT CURRENT_TIMESTAMP
2025-10-21T21:35:40.509+08:00 DEBUG 1574 --- [flux-http-nio-2] io.r2dbc.h2.client.SessionClient         : Response: org.h2.result.LocalResult@18d56911 columns: 1 rows: 1 pos: -1
2025-10-21T21:35:40.513+08:00 DEBUG 1574 --- [flux-http-nio-2] io.r2dbc.h2.client.SessionClient         : Request:  SELECT CURRENT_TIMESTAMP
2025-10-21T21:35:40.514+08:00 DEBUG 1574 --- [flux-http-nio-2] io.r2dbc.h2.client.SessionClient         : Response: org.h2.result.LocalResult@10a4b476 columns: 1 rows: 1 pos: -1
2025-10-21T21:35:40.514+08:00 DEBUG 1574 --- [flux-http-nio-2] o.s.r2dbc.core.DefaultDatabaseClient     : Executing SQL statement [INSERT INTO transaction (ACCOUNT_ID, OPERATION_TYPE_ID, AMOUNT, EVENT_DATE) VALUES ($1, $2, $3, $4)]
2025-10-21T21:35:40.515+08:00 DEBUG 1574 --- [flux-http-nio-2] io.r2dbc.h2.client.SessionClient         : Request:  INSERT INTO transaction (ACCOUNT_ID, OPERATION_TYPE_ID, AMOUNT, EVENT_DATE) VALUES ($1, $2, $3, $4) {1: CAST(69 AS BIGINT), 2: 1, 3: -100.0, 4: TIMESTAMP '2025-10-21 21:35:40.510198'}
2025-10-21T21:35:40.517+08:00 DEBUG 1574 --- [flux-http-nio-2] io.r2dbc.h2.client.SessionClient         : Request:  SELECT CURRENT_TIMESTAMP
2025-10-21T21:35:40.518+08:00 DEBUG 1574 --- [flux-http-nio-2] io.r2dbc.h2.client.SessionClient         : Response: org.h2.result.LocalResult@2a941f4 columns: 1 rows: 1 pos: -1
]]></system-out>
    <system-err><![CDATA[WARNING: A Java agent has been loaded dynamically (/Users/balachandarkrishnasamy/.m2/repository/net/bytebuddy/byte-buddy-agent/1.14.19/byte-buddy-agent-1.14.19.jar)
WARNING: If a serviceability tool is in use, please run with -XX:+EnableDynamicAgentLoading to hide this warning
WARNING: If a serviceability tool is not in use, please run with -Djdk.instrument.traceUsage for more information
WARNING: Dynamic loading of agents will be disallowed by default in a future release
]]></system-err>
  </testcase>
</testsuite>